Flutter Receipe App/recipe_app/build/app/intermediates/manifest_merge_blame_file/release/manifest-merger-blame-release-report.txt
1<?xml version="1.0" encoding="utf-8"?>
2<manifest xmlns:android="http://schemas.android.com/apk/res/android"
3    package="com.food.receipeapp"
4    android:versionCode="1"
5    android:versionName="1.0.0" >
6
7    <uses-sdk
8        android:minSdkVersion="21"
9        android:targetSdkVersion="34" />
10
11    <uses-permission android:name="android.permission.INTERNET" />
11-->src\main\AndroidManifest.xml:4:5-66
11-->src\main\AndroidManifest.xml:4:22-64
12    <uses-permission android:name="android.permission.CAMERA" />
12-->src\main\AndroidManifest.xml:5:5-64
12-->src\main\AndroidManifest.xml:5:22-62
13    <uses-permission
13-->src\main\AndroidManifest.xml:6:5-106
14        android:name="android.permission.READ_EXTERNAL_STORAGE"
14-->src\main\AndroidManifest.xml:6:22-77
15        android:maxSdkVersion="32" />
15-->src\main\AndroidManifest.xml:6:78-104
16    <uses-permission
16-->src\main\AndroidManifest.xml:7:5-107
17        android:name="android.permission.WRITE_EXTERNAL_STORAGE"
17-->src\main\AndroidManifest.xml:7:22-78
18        android:maxSdkVersion="32" />
18-->src\main\AndroidManifest.xml:7:79-105
19    <uses-permission android:name="android.permission.READ_MEDIA_IMAGES" />
19-->src\main\AndroidManifest.xml:8:5-75
19-->src\main\AndroidManifest.xml:8:22-73
20    <uses-permission android:name="android.permission.READ_MEDIA_VIDEO" />
20-->src\main\AndroidManifest.xml:9:5-74
20-->src\main\AndroidManifest.xml:9:22-72
21    <uses-permission android:name="android.permission.INTERNET" />
21-->src\main\AndroidManifest.xml:4:5-66
21-->src\main\AndroidManifest.xml:4:22-64
22    <uses-permission android:name="android.permission.VIBRATE" />
22-->[:flutter_local_notifications] AndroidManifest.xml:7:5-66
22-->[:flutter_local_notifications] AndroidManifest.xml:7:22-63
23    <uses-permission android:name="android.permission.POST_NOTIFICATIONS" />
23-->[:flutter_local_notifications] AndroidManifest.xml:8:5-77
23-->[:flutter_local_notifications] AndroidManifest.xml:8:22-74
24    <uses-permission android:name="android.permission.ACCESS_NETWORK_STATE" />
24-->[:connectivity_plus] AndroidManifest.xml:7:5-79
24-->[:connectivity_plus] AndroidManifest.xml:7:22-76
25    <uses-permission android:name="com.google.android.gms.permission.AD_ID" />
25-->[com.google.android.gms:play-services-ads-lite:23.4.0] AndroidManifest.xml:26:5-79
25-->[com.google.android.gms:play-services-ads-lite:23.4.0] AndroidManifest.xml:26:22-76
26    <uses-permission android:name="android.permission.ACCESS_ADSERVICES_AD_ID" />
26-->[com.google.android.gms:play-services-ads-lite:23.4.0] AndroidManifest.xml:27:5-82
26-->[com.google.android.gms:play-services-ads-lite:23.4.0] AndroidManifest.xml:27:22-79
27    <uses-permission android:name="android.permission.ACCESS_ADSERVICES_ATTRIBUTION" />
27-->[com.google.android.gms:play-services-ads-lite:23.4.0] AndroidManifest.xml:28:5-88
27-->[com.google.android.gms:play-services-ads-lite:23.4.0] AndroidManifest.xml:28:22-85
28    <uses-permission android:name="android.permission.ACCESS_ADSERVICES_TOPICS" /> <!-- Android package visibility setting -->
28-->[com.google.android.gms:play-services-ads-lite:23.4.0] AndroidManifest.xml:29:5-83
28-->[com.google.android.gms:play-services-ads-lite:23.4.0] AndroidManifest.xml:29:22-80
29    <queries>
29-->[com.google.android.gms:play-services-ads-lite:23.4.0] AndroidManifest.xml:35:5-68:15
30
31        <!-- For browser content -->
32        <intent>
32-->[com.google.android.gms:play-services-ads-lite:23.4.0] AndroidManifest.xml:38:9-44:18
33            <action android:name="android.intent.action.VIEW" />
33-->src\main\AndroidManifest.xml:49:17-69
33-->src\main\AndroidManifest.xml:49:25-66
34
35            <category android:name="android.intent.category.BROWSABLE" />
35-->src\main\AndroidManifest.xml:51:17-78
35-->src\main\AndroidManifest.xml:51:27-75
36
37            <data android:scheme="https" />
37-->src\main\AndroidManifest.xml:52:17-81
37-->src\main\AndroidManifest.xml:52:23-49
38        </intent>
39        <!-- End of browser content -->
40        <!-- For CustomTabsService -->
41        <intent>
41-->[com.google.android.gms:play-services-ads-lite:23.4.0] AndroidManifest.xml:47:9-49:18
42            <action android:name="android.support.customtabs.action.CustomTabsService" />
42-->[com.google.android.gms:play-services-ads-lite:23.4.0] AndroidManifest.xml:48:13-90
42-->[com.google.android.gms:play-services-ads-lite:23.4.0] AndroidManifest.xml:48:21-87
43        </intent>
44        <!-- End of CustomTabsService -->
45        <!-- For MRAID capabilities -->
46        <intent>
46-->[com.google.android.gms:play-services-ads-lite:23.4.0] AndroidManifest.xml:52:9-56:18
47            <action android:name="android.intent.action.INSERT" />
47-->[com.google.android.gms:play-services-ads-lite:23.4.0] AndroidManifest.xml:53:13-67
47-->[com.google.android.gms:play-services-ads-lite:23.4.0] AndroidManifest.xml:53:21-64
48
49            <data android:mimeType="vnd.android.cursor.dir/event" />
49-->src\main\AndroidManifest.xml:52:17-81
50        </intent>
51        <intent>
51-->[com.google.android.gms:play-services-ads-lite:23.4.0] AndroidManifest.xml:57:9-61:18
52            <action android:name="android.intent.action.VIEW" />
52-->src\main\AndroidManifest.xml:49:17-69
52-->src\main\AndroidManifest.xml:49:25-66
53
54            <data android:scheme="sms" />
54-->src\main\AndroidManifest.xml:52:17-81
54-->src\main\AndroidManifest.xml:52:23-49
55        </intent>
56        <intent>
56-->[com.google.android.gms:play-services-ads-lite:23.4.0] AndroidManifest.xml:62:9-66:18
57            <action android:name="android.intent.action.DIAL" />
57-->[com.google.android.gms:play-services-ads-lite:23.4.0] AndroidManifest.xml:63:13-65
57-->[com.google.android.gms:play-services-ads-lite:23.4.0] AndroidManifest.xml:63:21-62
58
59            <data android:path="tel:" />
59-->src\main\AndroidManifest.xml:52:17-81
60        </intent>
61        <!-- End of MRAID capabilities -->
62    </queries>
63
64    <uses-permission android:name="android.permission.WAKE_LOCK" />
64-->[com.google.android.gms:play-services-measurement-sdk-api:20.1.2] AndroidManifest.xml:25:5-68
64-->[com.google.android.gms:play-services-measurement-sdk-api:20.1.2] AndroidManifest.xml:25:22-65
65    <uses-permission android:name="android.permission.FOREGROUND_SERVICE" />
65-->[androidx.work:work-runtime:2.7.0] AndroidManifest.xml:28:5-77
65-->[androidx.work:work-runtime:2.7.0] AndroidManifest.xml:28:22-74
66
67    <permission
67-->[androidx.core:core:1.13.1] AndroidManifest.xml:22:5-24:47
68        android:name="com.food.receipeapp.DYNAMIC_RECEIVER_NOT_EXPORTED_PERMISSION"
68-->[androidx.core:core:1.13.1] AndroidManifest.xml:23:9-81
69        android:protectionLevel="signature" />
69-->[androidx.core:core:1.13.1] AndroidManifest.xml:24:9-44
70
71    <uses-permission android:name="com.food.receipeapp.DYNAMIC_RECEIVER_NOT_EXPORTED_PERMISSION" />
71-->[androidx.core:core:1.13.1] AndroidManifest.xml:26:5-97
71-->[androidx.core:core:1.13.1] AndroidManifest.xml:26:22-94
72
73    <application
73-->src\main\AndroidManifest.xml:11:5-67:19
74        android:appComponentFactory="androidx.core.app.CoreComponentFactory"
74-->[androidx.core:core:1.13.1] AndroidManifest.xml:28:18-86
75        android:extractNativeLibs="true"
76        android:icon="@mipmap/ic_launcher"
76-->src\main\AndroidManifest.xml:14:9-43
77        android:label="RecipeApp"
77-->src\main\AndroidManifest.xml:12:9-34
78        android:requestLegacyExternalStorage="true" >
78-->src\main\AndroidManifest.xml:15:9-52
79        <activity
79-->src\main\AndroidManifest.xml:17:9-55:20
80            android:name="com.food.receipeapp.MainActivity"
80-->src\main\AndroidManifest.xml:18:13-41
81            android:configChanges="orientation|keyboardHidden|keyboard|screenSize|smallestScreenSize|locale|layoutDirection|fontScale|screenLayout|density|uiMode"
81-->src\main\AndroidManifest.xml:22:13-163
82            android:exported="true"
82-->src\main\AndroidManifest.xml:19:13-36
83            android:hardwareAccelerated="true"
83-->src\main\AndroidManifest.xml:23:13-47
84            android:launchMode="singleTop"
84-->src\main\AndroidManifest.xml:20:13-43
85            android:theme="@style/LaunchTheme"
85-->src\main\AndroidManifest.xml:21:13-47
86            android:windowSoftInputMode="adjustResize" >
86-->src\main\AndroidManifest.xml:24:13-55
87
88            <!--
89                 Specifies an Android theme to apply to this Activity as soon as
90                 the Android process has started. This theme is visible to the user
91                 while the Flutter UI initializes. After that, this theme continues
92                 to determine the Window background behind the Flutter UI.
93            -->
94            <meta-data
94-->src\main\AndroidManifest.xml:29:13-32:17
95                android:name="io.flutter.embedding.android.NormalTheme"
95-->src\main\AndroidManifest.xml:30:15-70
96                android:resource="@style/NormalTheme" />
96-->src\main\AndroidManifest.xml:31:15-52
97            <!--
98                 Displays an Android View that continues showing the launch screen
99                 Drawable until Flutter paints its first frame, then this splash
100                 screen fades out. A splash screen is useful to avoid any visual
101                 gap between the end of Android's launch screen and the painting of
102                 Flutter's first frame.
103            -->
104            <meta-data
104-->src\main\AndroidManifest.xml:38:13-41:17
105                android:name="io.flutter.embedding.android.SplashScreenDrawable"
105-->src\main\AndroidManifest.xml:39:15-79
106                android:resource="@drawable/launch_background" />
106-->src\main\AndroidManifest.xml:40:15-61
107
108            <intent-filter>
108-->src\main\AndroidManifest.xml:42:13-45:29
109                <action android:name="android.intent.action.MAIN" />
109-->src\main\AndroidManifest.xml:43:17-68
109-->src\main\AndroidManifest.xml:43:25-66
110
111                <category android:name="android.intent.category.LAUNCHER" />
111-->src\main\AndroidManifest.xml:44:17-76
111-->src\main\AndroidManifest.xml:44:27-74
112            </intent-filter>
113            <!-- Deep linking -->
114            <meta-data
114-->src\main\AndroidManifest.xml:47:13-90
115                android:name="flutter_deeplinking_enabled"
115-->src\main\AndroidManifest.xml:47:24-66
116                android:value="true" />
116-->src\main\AndroidManifest.xml:47:67-87
117
118            <intent-filter android:autoVerify="true" >
118-->src\main\AndroidManifest.xml:48:13-53:29
118-->src\main\AndroidManifest.xml:48:28-53
119                <action android:name="android.intent.action.VIEW" />
119-->src\main\AndroidManifest.xml:49:17-69
119-->src\main\AndroidManifest.xml:49:25-66
120
121                <category android:name="android.intent.category.DEFAULT" />
121-->src\main\AndroidManifest.xml:50:17-76
121-->src\main\AndroidManifest.xml:50:27-73
122                <category android:name="android.intent.category.BROWSABLE" />
122-->src\main\AndroidManifest.xml:51:17-78
122-->src\main\AndroidManifest.xml:51:27-75
123
124                <data
124-->src\main\AndroidManifest.xml:52:17-81
125                    android:host="recipeapp.com"
125-->src\main\AndroidManifest.xml:52:50-78
126                    android:scheme="recipeapp" />
126-->src\main\AndroidManifest.xml:52:23-49
127            </intent-filter>
128        </activity>
129
130        <!--
131             Don't delete the meta-data below.
132             This is used by the Flutter tool to generate GeneratedPluginRegistrant.java
133        -->
134        <meta-data
134-->src\main\AndroidManifest.xml:59:9-61:33
135            android:name="flutterEmbedding"
135-->src\main\AndroidManifest.xml:60:13-44
136            android:value="2" />
136-->src\main\AndroidManifest.xml:61:13-30
137        <meta-data
137-->src\main\AndroidManifest.xml:63:9-65:69
138            android:name="com.google.android.gms.ads.APPLICATION_ID"
138-->src\main\AndroidManifest.xml:64:13-69
139            android:value="ca-app-pub-3940256099942544~9214589741" />
139-->src\main\AndroidManifest.xml:65:13-67
140
141        <provider
141-->[:image_picker_android] AndroidManifest.xml:9:9-17:20
142            android:name="io.flutter.plugins.imagepicker.ImagePickerFileProvider"
142-->[:image_picker_android] AndroidManifest.xml:10:13-82
143            android:authorities="com.food.receipeapp.flutter.image_provider"
143-->[:image_picker_android] AndroidManifest.xml:11:13-74
144            android:exported="false"
144-->[:image_picker_android] AndroidManifest.xml:12:13-37
145            android:grantUriPermissions="true" >
145-->[:image_picker_android] AndroidManifest.xml:13:13-47
146            <meta-data
146-->[:image_picker_android] AndroidManifest.xml:14:13-16:75
147                android:name="android.support.FILE_PROVIDER_PATHS"
147-->[:image_picker_android] AndroidManifest.xml:15:17-67
148                android:resource="@xml/flutter_image_picker_file_paths" />
148-->[:image_picker_android] AndroidManifest.xml:16:17-72
149        </provider> <!-- Trigger Google Play services to install the backported photo picker module. -->
150        <service
150-->[:image_picker_android] AndroidManifest.xml:19:9-31:19
151            android:name="com.google.android.gms.metadata.ModuleDependencies"
151-->[:image_picker_android] AndroidManifest.xml:20:13-78
152            android:enabled="false"
152-->[:image_picker_android] AndroidManifest.xml:21:13-36
153            android:exported="false" >
153-->[:image_picker_android] AndroidManifest.xml:22:13-37
154            <intent-filter>
154-->[:image_picker_android] AndroidManifest.xml:24:13-26:29
155                <action android:name="com.google.android.gms.metadata.MODULE_DEPENDENCIES" />
155-->[:image_picker_android] AndroidManifest.xml:25:17-94
155-->[:image_picker_android] AndroidManifest.xml:25:25-91
156            </intent-filter>
157
158            <meta-data
158-->[:image_picker_android] AndroidManifest.xml:28:13-30:36
159                android:name="photopicker_activity:0:required"
159-->[:image_picker_android] AndroidManifest.xml:29:17-63
160                android:value="" />
160-->[:image_picker_android] AndroidManifest.xml:30:17-33
161        </service>
162
163        <activity
163-->[:url_launcher_android] AndroidManifest.xml:8:9-11:74
164            android:name="io.flutter.plugins.urllauncher.WebViewActivity"
164-->[:url_launcher_android] AndroidManifest.xml:9:13-74
165            android:exported="false"
165-->[:url_launcher_android] AndroidManifest.xml:10:13-37
166            android:theme="@android:style/Theme.NoTitleBar.Fullscreen" />
166-->[:url_launcher_android] AndroidManifest.xml:11:13-71
167
168        <meta-data
168-->[:google_mobile_ads] AndroidManifest.xml:10:9-12:36
169            android:name="io.flutter.embedded_views_preview"
169-->[:google_mobile_ads] AndroidManifest.xml:11:13-61
170            android:value="true" />
170-->[:google_mobile_ads] AndroidManifest.xml:12:13-33
171
172        <uses-library
172-->[androidx.window:window:1.2.0] AndroidManifest.xml:23:9-25:40
173            android:name="androidx.window.extensions"
173-->[androidx.window:window:1.2.0] AndroidManifest.xml:24:13-54
174            android:required="false" />
174-->[androidx.window:window:1.2.0] AndroidManifest.xml:25:13-37
175        <uses-library
175-->[androidx.window:window:1.2.0] AndroidManifest.xml:26:9-28:40
176            android:name="androidx.window.sidecar"
176-->[androidx.window:window:1.2.0] AndroidManifest.xml:27:13-51
177            android:required="false" /> <!-- Include the AdActivity and InAppPurchaseActivity configChanges and themes. -->
177-->[androidx.window:window:1.2.0] AndroidManifest.xml:28:13-37
178        <activity
178-->[com.google.android.gms:play-services-ads-lite:23.4.0] AndroidManifest.xml:73:9-78:43
179            android:name="com.google.android.gms.ads.AdActivity"
179-->[com.google.android.gms:play-services-ads-lite:23.4.0] AndroidManifest.xml:74:13-65
180            android:configChanges="keyboard|keyboardHidden|orientation|screenLayout|uiMode|screenSize|smallestScreenSize"
180-->[com.google.android.gms:play-services-ads-lite:23.4.0] AndroidManifest.xml:75:13-122
181            android:exported="false"
181-->[com.google.android.gms:play-services-ads-lite:23.4.0] AndroidManifest.xml:76:13-37
182            android:theme="@android:style/Theme.Translucent" />
182-->[com.google.android.gms:play-services-ads-lite:23.4.0] AndroidManifest.xml:77:13-61
183
184        <provider
184-->[com.google.android.gms:play-services-ads-lite:23.4.0] AndroidManifest.xml:80:9-85:43
185            android:name="com.google.android.gms.ads.MobileAdsInitProvider"
185-->[com.google.android.gms:play-services-ads-lite:23.4.0] AndroidManifest.xml:81:13-76
186            android:authorities="com.food.receipeapp.mobileadsinitprovider"
186-->[com.google.android.gms:play-services-ads-lite:23.4.0] AndroidManifest.xml:82:13-73
187            android:exported="false"
187-->[com.google.android.gms:play-services-ads-lite:23.4.0] AndroidManifest.xml:83:13-37
188            android:initOrder="100" />
188-->[com.google.android.gms:play-services-ads-lite:23.4.0] AndroidManifest.xml:84:13-36
189
190        <service
190-->[com.google.android.gms:play-services-ads-lite:23.4.0] AndroidManifest.xml:87:9-91:43
191            android:name="com.google.android.gms.ads.AdService"
191-->[com.google.android.gms:play-services-ads-lite:23.4.0] AndroidManifest.xml:88:13-64
192            android:enabled="true"
192-->[com.google.android.gms:play-services-ads-lite:23.4.0] AndroidManifest.xml:89:13-35
193            android:exported="false" />
193-->[com.google.android.gms:play-services-ads-lite:23.4.0] AndroidManifest.xml:90:13-37
194
195        <activity
195-->[com.google.android.gms:play-services-ads-lite:23.4.0] AndroidManifest.xml:93:9-97:43
196            android:name="com.google.android.gms.ads.OutOfContextTestingActivity"
196-->[com.google.android.gms:play-services-ads-lite:23.4.0] AndroidManifest.xml:94:13-82
197            android:configChanges="keyboard|keyboardHidden|orientation|screenLayout|uiMode|screenSize|smallestScreenSize"
197-->[com.google.android.gms:play-services-ads-lite:23.4.0] AndroidManifest.xml:95:13-122
198            android:exported="false" />
198-->[com.google.android.gms:play-services-ads-lite:23.4.0] AndroidManifest.xml:96:13-37
199        <activity
199-->[com.google.android.gms:play-services-ads-lite:23.4.0] AndroidManifest.xml:98:9-105:43
200            android:name="com.google.android.gms.ads.NotificationHandlerActivity"
200-->[com.google.android.gms:play-services-ads-lite:23.4.0] AndroidManifest.xml:99:13-82
201            android:excludeFromRecents="true"
201-->[com.google.android.gms:play-services-ads-lite:23.4.0] AndroidManifest.xml:100:13-46
202            android:exported="false"
202-->[com.google.android.gms:play-services-ads-lite:23.4.0] AndroidManifest.xml:101:13-37
203            android:launchMode="singleTask"
203-->[com.google.android.gms:play-services-ads-lite:23.4.0] AndroidManifest.xml:102:13-44
204            android:taskAffinity=""
204-->[com.google.android.gms:play-services-ads-lite:23.4.0] AndroidManifest.xml:103:13-36
205            android:theme="@android:style/Theme.Translucent.NoTitleBar" />
205-->[com.google.android.gms:play-services-ads-lite:23.4.0] AndroidManifest.xml:104:13-72
206
207        <property
207-->[com.google.android.gms:play-services-ads-lite:23.4.0] AndroidManifest.xml:107:9-109:62
208            android:name="android.adservices.AD_SERVICES_CONFIG"
208-->[com.google.android.gms:play-services-ads-lite:23.4.0] AndroidManifest.xml:108:13-65
209            android:resource="@xml/gma_ad_services_config" />
209-->[com.google.android.gms:play-services-ads-lite:23.4.0] AndroidManifest.xml:109:13-59
210
211        <activity
211-->[com.google.android.gms:play-services-base:18.0.0] AndroidManifest.xml:20:9-22:45
212            android:name="com.google.android.gms.common.api.GoogleApiActivity"
212-->[com.google.android.gms:play-services-base:18.0.0] AndroidManifest.xml:20:19-85
213            android:exported="false"
213-->[com.google.android.gms:play-services-base:18.0.0] AndroidManifest.xml:22:19-43
214            android:theme="@android:style/Theme.Translucent.NoTitleBar" />
214-->[com.google.android.gms:play-services-base:18.0.0] AndroidManifest.xml:21:19-78
215
216        <meta-data
216-->[com.google.android.gms:play-services-basement:18.4.0] AndroidManifest.xml:6:9-122
217            android:name="com.google.android.gms.version"
217-->[com.google.android.gms:play-services-basement:18.4.0] AndroidManifest.xml:6:20-65
218            android:value="@integer/google_play_services_version" />
218-->[com.google.android.gms:play-services-basement:18.4.0] AndroidManifest.xml:6:66-119
219
220        <uses-library
220-->[androidx.privacysandbox.ads:ads-adservices:1.0.0-beta05] AndroidManifest.xml:23:9-25:40
221            android:name="android.ext.adservices"
221-->[androidx.privacysandbox.ads:ads-adservices:1.0.0-beta05] AndroidManifest.xml:24:13-50
222            android:required="false" />
222-->[androidx.privacysandbox.ads:ads-adservices:1.0.0-beta05] AndroidManifest.xml:25:13-37
223
224        <provider
224-->[androidx.work:work-runtime:2.7.0] AndroidManifest.xml:31:9-39:20
225            android:name="androidx.startup.InitializationProvider"
225-->[androidx.work:work-runtime:2.7.0] AndroidManifest.xml:32:13-67
226            android:authorities="com.food.receipeapp.androidx-startup"
226-->[androidx.work:work-runtime:2.7.0] AndroidManifest.xml:33:13-68
227            android:exported="false" >
227-->[androidx.work:work-runtime:2.7.0] AndroidManifest.xml:34:13-37
228            <meta-data
228-->[androidx.work:work-runtime:2.7.0] AndroidManifest.xml:36:13-38:52
229                android:name="androidx.work.WorkManagerInitializer"
229-->[androidx.work:work-runtime:2.7.0] AndroidManifest.xml:37:17-68
230                android:value="androidx.startup" />
230-->[androidx.work:work-runtime:2.7.0] AndroidManifest.xml:38:17-49
231            <meta-data
231-->[androidx.lifecycle:lifecycle-process:2.7.0] AndroidManifest.xml:29:13-31:52
232                android:name="androidx.lifecycle.ProcessLifecycleInitializer"
232-->[androidx.lifecycle:lifecycle-process:2.7.0] AndroidManifest.xml:30:17-78
233                android:value="androidx.startup" />
233-->[androidx.lifecycle:lifecycle-process:2.7.0] AndroidManifest.xml:31:17-49
234            <meta-data
234-->[androidx.profileinstaller:profileinstaller:1.4.0] AndroidManifest.xml:29:13-31:52
235                android:name="androidx.profileinstaller.ProfileInstallerInitializer"
235-->[androidx.profileinstaller:profileinstaller:1.4.0] AndroidManifest.xml:30:17-85
236                android:value="androidx.startup" />
236-->[androidx.profileinstaller:profileinstaller:1.4.0] AndroidManifest.xml:31:17-49
237        </provider>
238
239        <service
239-->[androidx.work:work-runtime:2.7.0] AndroidManifest.xml:41:9-46:35
240            android:name="androidx.work.impl.background.systemalarm.SystemAlarmService"
240-->[androidx.work:work-runtime:2.7.0] AndroidManifest.xml:42:13-88
241            android:directBootAware="false"
241-->[androidx.work:work-runtime:2.7.0] AndroidManifest.xml:43:13-44
242            android:enabled="@bool/enable_system_alarm_service_default"
242-->[androidx.work:work-runtime:2.7.0] AndroidManifest.xml:44:13-72
243            android:exported="false" />
243-->[androidx.work:work-runtime:2.7.0] AndroidManifest.xml:45:13-37
244        <service
244-->[androidx.work:work-runtime:2.7.0] AndroidManifest.xml:47:9-53:35
245            android:name="androidx.work.impl.background.systemjob.SystemJobService"
245-->[androidx.work:work-runtime:2.7.0] AndroidManifest.xml:48:13-84
246            android:directBootAware="false"
246-->[androidx.work:work-runtime:2.7.0] AndroidManifest.xml:49:13-44
247            android:enabled="@bool/enable_system_job_service_default"
247-->[androidx.work:work-runtime:2.7.0] AndroidManifest.xml:50:13-70
248            android:exported="true"
248-->[androidx.work:work-runtime:2.7.0] AndroidManifest.xml:51:13-36
249            android:permission="android.permission.BIND_JOB_SERVICE" />
249-->[androidx.work:work-runtime:2.7.0] AndroidManifest.xml:52:13-69
250        <service
250-->[androidx.work:work-runtime:2.7.0] AndroidManifest.xml:54:9-59:35
251            android:name="androidx.work.impl.foreground.SystemForegroundService"
251-->[androidx.work:work-runtime:2.7.0] AndroidManifest.xml:55:13-81
252            android:directBootAware="false"
252-->[androidx.work:work-runtime:2.7.0] AndroidManifest.xml:56:13-44
253            android:enabled="@bool/enable_system_foreground_service_default"
253-->[androidx.work:work-runtime:2.7.0] AndroidManifest.xml:57:13-77
254            android:exported="false" />
254-->[androidx.work:work-runtime:2.7.0] AndroidManifest.xml:58:13-37
255
256        <receiver
256-->[androidx.work:work-runtime:2.7.0] AndroidManifest.xml:61:9-66:35
257            android:name="androidx.work.impl.utils.ForceStopRunnable$BroadcastReceiver"
257-->[androidx.work:work-runtime:2.7.0] AndroidManifest.xml:62:13-88
258            android:directBootAware="false"
258-->[androidx.work:work-runtime:2.7.0] AndroidManifest.xml:63:13-44
259            android:enabled="true"
259-->[androidx.work:work-runtime:2.7.0] AndroidManifest.xml:64:13-35
260            android:exported="false" />
260-->[androidx.work:work-runtime:2.7.0] AndroidManifest.xml:65:13-37
261        <receiver
261-->[androidx.work:work-runtime:2.7.0] AndroidManifest.xml:67:9-77:20
262            android:name="androidx.work.impl.background.systemalarm.ConstraintProxy$BatteryChargingProxy"
262-->[androidx.work:work-runtime:2.7.0] AndroidManifest.xml:68:13-106
263            android:directBootAware="false"
263-->[androidx.work:work-runtime:2.7.0] AndroidManifest.xml:69:13-44
264            android:enabled="false"
264-->[androidx.work:work-runtime:2.7.0] AndroidManifest.xml:70:13-36
265            android:exported="false" >
265-->[androidx.work:work-runtime:2.7.0] AndroidManifest.xml:71:13-37
266            <intent-filter>
266-->[androidx.work:work-runtime:2.7.0] AndroidManifest.xml:73:13-76:29
267                <action android:name="android.intent.action.ACTION_POWER_CONNECTED" />
267-->[androidx.work:work-runtime:2.7.0] AndroidManifest.xml:74:17-87
267-->[androidx.work:work-runtime:2.7.0] AndroidManifest.xml:74:25-84
268                <action android:name="android.intent.action.ACTION_POWER_DISCONNECTED" />
268-->[androidx.work:work-runtime:2.7.0] AndroidManifest.xml:75:17-90
268-->[androidx.work:work-runtime:2.7.0] AndroidManifest.xml:75:25-87
269            </intent-filter>
270        </receiver>
271        <receiver
271-->[androidx.work:work-runtime:2.7.0] AndroidManifest.xml:78:9-88:20
272            android:name="androidx.work.impl.background.systemalarm.ConstraintProxy$BatteryNotLowProxy"
272-->[androidx.work:work-runtime:2.7.0] AndroidManifest.xml:79:13-104
273            android:directBootAware="false"
273-->[androidx.work:work-runtime:2.7.0] AndroidManifest.xml:80:13-44
274            android:enabled="false"
274-->[androidx.work:work-runtime:2.7.0] AndroidManifest.xml:81:13-36
275            android:exported="false" >
275-->[androidx.work:work-runtime:2.7.0] AndroidManifest.xml:82:13-37
276            <intent-filter>
276-->[androidx.work:work-runtime:2.7.0] AndroidManifest.xml:84:13-87:29
277                <action android:name="android.intent.action.BATTERY_OKAY" />
277-->[androidx.work:work-runtime:2.7.0] AndroidManifest.xml:85:17-77
277-->[androidx.work:work-runtime:2.7.0] AndroidManifest.xml:85:25-74
278                <action android:name="android.intent.action.BATTERY_LOW" />
278-->[androidx.work:work-runtime:2.7.0] AndroidManifest.xml:86:17-76
278-->[androidx.work:work-runtime:2.7.0] AndroidManifest.xml:86:25-73
279            </intent-filter>
280        </receiver>
281        <receiver
281-->[androidx.work:work-runtime:2.7.0] AndroidManifest.xml:89:9-99:20
282            android:name="androidx.work.impl.background.systemalarm.ConstraintProxy$StorageNotLowProxy"
282-->[androidx.work:work-runtime:2.7.0] AndroidManifest.xml:90:13-104
283            android:directBootAware="false"
283-->[androidx.work:work-runtime:2.7.0] AndroidManifest.xml:91:13-44
284            android:enabled="false"
284-->[androidx.work:work-runtime:2.7.0] AndroidManifest.xml:92:13-36
285            android:exported="false" >
285-->[androidx.work:work-runtime:2.7.0] AndroidManifest.xml:93:13-37
286            <intent-filter>
286-->[androidx.work:work-runtime:2.7.0] AndroidManifest.xml:95:13-98:29
287                <action android:name="android.intent.action.DEVICE_STORAGE_LOW" />
287-->[androidx.work:work-runtime:2.7.0] AndroidManifest.xml:96:17-83
287-->[androidx.work:work-runtime:2.7.0] AndroidManifest.xml:96:25-80
288                <action android:name="android.intent.action.DEVICE_STORAGE_OK" />
288-->[androidx.work:work-runtime:2.7.0] AndroidManifest.xml:97:17-82
288-->[androidx.work:work-runtime:2.7.0] AndroidManifest.xml:97:25-79
289            </intent-filter>
290        </receiver>
291        <receiver
291-->[androidx.work:work-runtime:2.7.0] AndroidManifest.xml:100:9-109:20
292            android:name="androidx.work.impl.background.systemalarm.ConstraintProxy$NetworkStateProxy"
292-->[androidx.work:work-runtime:2.7.0] AndroidManifest.xml:101:13-103
293            android:directBootAware="false"
293-->[androidx.work:work-runtime:2.7.0] AndroidManifest.xml:102:13-44
294            android:enabled="false"
294-->[androidx.work:work-runtime:2.7.0] AndroidManifest.xml:103:13-36
295            android:exported="false" >
295-->[androidx.work:work-runtime:2.7.0] AndroidManifest.xml:104:13-37